0 info it worked if it ends with ok
1 verbose cli [ '/usr/bin/node', '/usr/bin/npm', 'install', '-g', 'meteorite' ]
2 info using npm@1.4.28
3 info using node@v0.10.33
4 verbose node symlink /usr/bin/node
5 verbose cache add [ 'meteorite', null ]
6 verbose cache add name=undefined spec="meteorite" args=["meteorite",null]
7 verbose parsed url { protocol: null,
7 verbose parsed url   slashes: null,
7 verbose parsed url   auth: null,
7 verbose parsed url   host: null,
7 verbose parsed url   port: null,
7 verbose parsed url   hostname: null,
7 verbose parsed url   hash: null,
7 verbose parsed url   search: null,
7 verbose parsed url   query: null,
7 verbose parsed url   pathname: 'meteorite',
7 verbose parsed url   path: 'meteorite',
7 verbose parsed url   href: 'meteorite' }
8 silly lockFile 8f2f99a9-meteorite meteorite
9 verbose lock meteorite /home/ebenezer/.npm/8f2f99a9-meteorite.lock
10 silly lockFile 8f2f99a9-meteorite meteorite
11 silly lockFile 8f2f99a9-meteorite meteorite
12 verbose addNamed [ 'meteorite', '' ]
13 verbose addNamed [ null, '*' ]
14 silly lockFile bf6d5fee-meteorite meteorite@
15 verbose lock meteorite@ /home/ebenezer/.npm/bf6d5fee-meteorite.lock
16 silly addNameRange { name: 'meteorite', range: '*', hasData: false }
17 verbose request where is /meteorite
18 verbose request registry http://registry.npmjs.org/
19 verbose request id 1d33287319ba1f2a
20 verbose url raw /meteorite
21 verbose url resolving [ 'http://registry.npmjs.org/', './meteorite' ]
22 verbose url resolved http://registry.npmjs.org/meteorite
23 verbose request where is http://registry.npmjs.org/meteorite
24 info trying registry request attempt 1 at 21:40:42
25 verbose etag "5CBL6OVRWKRCJNLV1X7BJ7CUK"
26 http GET http://registry.npmjs.org/meteorite
27 http 304 http://registry.npmjs.org/meteorite
28 silly registry.get cb [ 304,
28 silly registry.get   { date: 'Wed, 19 Nov 2014 02:40:42 GMT',
28 silly registry.get     via: '1.1 varnish',
28 silly registry.get     'last-modified': 'Wed, 19 Nov 2014 02:40:43 GMT',
28 silly registry.get     'cache-control': 'max-age=60',
28 silly registry.get     etag: '"5CBL6OVRWKRCJNLV1X7BJ7CUK"',
28 silly registry.get     age: '0',
28 silly registry.get     connection: 'keep-alive',
28 silly registry.get     'x-served-by': 'cache-iad2146-IAD',
28 silly registry.get     'x-cache': 'MISS',
28 silly registry.get     'x-cache-hits': '0',
28 silly registry.get     'x-timer': 'S1416364842.978174,VS0,VE83',
28 silly registry.get     vary: 'Accept' } ]
29 verbose etag http://registry.npmjs.org/meteorite from cache
30 silly addNameRange number 2 { name: 'meteorite', range: '*', hasData: true }
31 silly addNameRange versions [ 'meteorite',
31 silly addNameRange   [ '0.0.1',
31 silly addNameRange     '0.0.2',
31 silly addNameRange     '0.0.3',
31 silly addNameRange     '0.0.4',
31 silly addNameRange     '0.0.5',
31 silly addNameRange     '0.0.6',
31 silly addNameRange     '0.0.7',
31 silly addNameRange     '0.0.8',
31 silly addNameRange     '0.0.9',
31 silly addNameRange     '0.0.10',
31 silly addNameRange     '0.0.11',
31 silly addNameRange     '0.0.12',
31 silly addNameRange     '0.0.13',
31 silly addNameRange     '0.0.14',
31 silly addNameRange     '0.0.15',
31 silly addNameRange     '0.0.16',
31 silly addNameRange     '0.0.17',
31 silly addNameRange     '0.0.18',
31 silly addNameRange     '0.0.19',
31 silly addNameRange     '0.1.0',
31 silly addNameRange     '0.1.1',
31 silly addNameRange     '0.2.0',
31 silly addNameRange     '0.2.1',
31 silly addNameRange     '0.2.2',
31 silly addNameRange     '0.3.0',
31 silly addNameRange     '0.3.1',
31 silly addNameRange     '0.3.3',
31 silly addNameRange     '0.4.0',
31 silly addNameRange     '0.4.1',
31 silly addNameRange     '0.4.2',
31 silly addNameRange     '0.4.3',
31 silly addNameRange     '0.4.4',
31 silly addNameRange     '0.4.5',
31 silly addNameRange     '0.4.6',
31 silly addNameRange     '0.4.7',
31 silly addNameRange     '0.4.8',
31 silly addNameRange     '0.4.9',
31 silly addNameRange     '0.5.0',
31 silly addNameRange     '0.5.1',
31 silly addNameRange     '0.6.0',
31 silly addNameRange     '0.6.1',
31 silly addNameRange     '0.6.2',
31 silly addNameRange     '0.6.3',
31 silly addNameRange     '0.6.4',
31 silly addNameRange     '0.6.5',
31 silly addNameRange     '0.6.6',
31 silly addNameRange     '0.6.7',
31 silly addNameRange     '0.6.8',
31 silly addNameRange     '0.6.9',
31 silly addNameRange     '0.6.10',
31 silly addNameRange     '0.6.11',
31 silly addNameRange     '0.6.12',
31 silly addNameRange     '0.6.13',
31 silly addNameRange     '0.6.14',
31 silly addNameRange     '0.6.15',
31 silly addNameRange     '0.6.16',
31 silly addNameRange     '0.7.0',
31 silly addNameRange     '0.7.1',
31 silly addNameRange     '0.7.2',
31 silly addNameRange     '0.7.3',
31 silly addNameRange     '0.7.4',
31 silly addNameRange     '0.7.5',
31 silly addNameRange     '0.7.6',
31 silly addNameRange     '0.7.7',
31 silly addNameRange     '0.7.8',
31 silly addNameRange     '0.9.0',
31 silly addNameRange     '0.9.1',
31 silly addNameRange     '0.9.2' ] ]
32 verbose addNamed [ 'meteorite', '0.9.2' ]
33 verbose addNamed [ '0.9.2', '0.9.2' ]
34 silly lockFile 718a0fc1-meteorite-0-9-2 meteorite@0.9.2
35 verbose lock meteorite@0.9.2 /home/ebenezer/.npm/718a0fc1-meteorite-0-9-2.lock
36 silly lockFile 718a0fc1-meteorite-0-9-2 meteorite@0.9.2
37 silly lockFile 718a0fc1-meteorite-0-9-2 meteorite@0.9.2
38 silly lockFile bf6d5fee-meteorite meteorite@
39 silly lockFile bf6d5fee-meteorite meteorite@
40 silly resolved [ { name: 'meteorite',
40 silly resolved     version: '0.9.2',
40 silly resolved     homepage: 'http://oortcloud.github.com/meteorite',
40 silly resolved     engines: [ 'node >=0.8.0' ],
40 silly resolved     description: 'Installer & smart package manager for Meteor',
40 silly resolved     author:
40 silly resolved      { name: 'Tom Coleman',
40 silly resolved        email: 'tom@percolatestudio.com',
40 silly resolved        url: 'http://percolatestudio.com' },
40 silly resolved     dependencies:
40 silly resolved      { ddp: '>=0.3.1 <0.5.0',
40 silly resolved        underscore: '1.3.3',
40 silly resolved        wrench: '1.3.9',
40 silly resolved        fstream: '>=0.1.18',
40 silly resolved        optimist: '>=0.3.4',
40 silly resolved        prompt: '0.2.11',
40 silly resolved        colors: '0.6.0-1',
40 silly resolved        async: '0.2.9',
40 silly resolved        rolling_timeout_exec: '>=0.0.1' },
40 silly resolved     devDependencies: { mocha: '>=1.2.2', connect: '>=2.3.6', which: '>=1.0.5' },
40 silly resolved     scripts:
40 silly resolved      { test: 'mocha spec/unit spec/acceptance -t 240000 -R spec',
40 silly resolved        flushcache: 'rm -rf spec/support/cache',
40 silly resolved        postinstall: 'sh ./completions/postinstall.sh' },
40 silly resolved     repository:
40 silly resolved      { type: 'git',
40 silly resolved        url: 'https://github.com/oortcloud/meteorite.git' },
40 silly resolved     bin: { mrt: './bin/mrt.js' },
40 silly resolved     bugs: { url: 'https://github.com/oortcloud/meteorite/issues' },
40 silly resolved     _id: 'meteorite@0.9.2',
40 silly resolved     _shasum: '93e74f9459f61d22899259dc31756da9a67d1e07',
40 silly resolved     _from: 'meteorite@',
40 silly resolved     _npmVersion: '1.4.9',
40 silly resolved     _npmUser: { name: 'tmeasday', email: 'tom@percolatestudio.com' },
40 silly resolved     maintainers: [ [Object], [Object] ],
40 silly resolved     dist:
40 silly resolved      { shasum: '93e74f9459f61d22899259dc31756da9a67d1e07',
40 silly resolved        tarball: 'http://registry.npmjs.org/meteorite/-/meteorite-0.9.2.tgz' },
40 silly resolved     directories: {},
40 silly resolved     _resolved: 'http://registry.npmjs.org/meteorite/-/meteorite-0.9.2.tgz',
40 silly resolved     readme: 'ERROR: No README data found!' } ]
41 info install meteorite@0.9.2 into /usr/lib
42 info installOne meteorite@0.9.2
43 verbose lib/node_modules/meteorite unbuild
44 verbose tar unpack /home/ebenezer/.npm/meteorite/0.9.2/package.tgz
45 silly lockFile 9d3cae6b-r-usr-lib-node-modules-meteorite tar:///usr/lib/node_modules/meteorite
46 verbose lock tar:///usr/lib/node_modules/meteorite /home/ebenezer/.npm/9d3cae6b-r-usr-lib-node-modules-meteorite.lock
47 silly lockFile 36bd9f43--npm-meteorite-0-9-2-package-tgz tar:///home/ebenezer/.npm/meteorite/0.9.2/package.tgz
48 verbose lock tar:///home/ebenezer/.npm/meteorite/0.9.2/package.tgz /home/ebenezer/.npm/36bd9f43--npm-meteorite-0-9-2-package-tgz.lock
49 silly gunzTarPerm modes [ '775', '664' ]
50 error Error: EACCES, mkdir '/usr/lib/node_modules/meteorite'
50 error  { [Error: EACCES, mkdir '/usr/lib/node_modules/meteorite']
50 error   errno: 3,
50 error   code: 'EACCES',
50 error   path: '/usr/lib/node_modules/meteorite',
50 error   fstream_type: 'Directory',
50 error   fstream_path: '/usr/lib/node_modules/meteorite',
50 error   fstream_class: 'DirWriter',
50 error   fstream_stack:
50 error    [ '/usr/lib/node_modules/npm/node_modules/fstream/lib/dir-writer.js:36:23',
50 error      '/usr/lib/node_modules/npm/node_modules/mkdirp/index.js:46:53',
50 error      'Object.oncomplete (fs.js:107:15)' ] }
51 error Please try running this command again as root/Administrator.
52 error System Linux 3.11.0-26-generic
53 error command "/usr/bin/node" "/usr/bin/npm" "install" "-g" "meteorite"
54 error cwd /home/ebenezer/Desktop/SuperUROP/SunnyCode/examples
55 error node -v v0.10.33
56 error npm -v 1.4.28
57 error path /usr/lib/node_modules/meteorite
58 error fstream_path /usr/lib/node_modules/meteorite
59 error fstream_type Directory
60 error fstream_class DirWriter
61 error code EACCES
62 error errno 3
63 error stack Error: EACCES, mkdir '/usr/lib/node_modules/meteorite'
64 error fstream_stack /usr/lib/node_modules/npm/node_modules/fstream/lib/dir-writer.js:36:23
64 error fstream_stack /usr/lib/node_modules/npm/node_modules/mkdirp/index.js:46:53
64 error fstream_stack Object.oncomplete (fs.js:107:15)
65 verbose exit [ 3, true ]
